<?xml version="1.0" encoding="UTF-8"?>
<testsuite xmlns:xsi="http://www.w3.org/2001/XMLSchema-instance" xsi:noNamespaceSchemaLocation="https://maven.apache.org/surefire/maven-surefire-plugin/xsd/surefire-test-report.xsd" name="uk.ac.ed.inf.aqmaps.ConnectorTest" time="0.383" tests="5" errors="0" skipped="0" failures="0">
  <properties>
    <property name="awt.toolkit" value="sun.awt.X11.XToolkit"/>
    <property name="java.specification.version" value="11"/>
    <property name="sun.cpu.isalist" value=""/>
    <property name="sun.jnu.encoding" value="UTF-8"/>
    <property name="java.class.path" value="/home/marios/eclipse-workspace/aqmaps/target/test-classes:/home/marios/eclipse-workspace/aqmaps/target/classes:/home/marios/.m2/repository/junit/junit/4.11/junit-4.11.jar:/home/marios/.m2/repository/org/hamcrest/hamcrest-core/1.3/hamcrest-core-1.3.jar:/home/marios/.m2/repository/com/mapbox/mapboxsdk/mapbox-sdk-geojson/5.5.0/mapbox-sdk-geojson-5.5.0.jar:/home/marios/.m2/repository/com/google/code/gson/gson/2.8.6/gson-2.8.6.jar:/home/marios/.m2/repository/org/jgrapht/jgrapht-core/1.5.0/jgrapht-core-1.5.0.jar:/home/marios/.m2/repository/org/jheaps/jheaps/0.13/jheaps-0.13.jar:"/>
    <property name="java.vm.vendor" value="Oracle Corporation"/>
    <property name="sun.arch.data.model" value="64"/>
    <property name="java.vendor.url" value="https://openjdk.java.net/"/>
    <property name="user.timezone" value=""/>
    <property name="java.vm.specification.version" value="11"/>
    <property name="os.name" value="Linux"/>
    <property name="sun.java.launcher" value="SUN_STANDARD"/>
    <property name="user.country" value="GB"/>
    <property name="sun.boot.library.path" value="/usr/lib/jvm/java-11-openjdk/lib"/>
    <property name="sun.java.command" value="/home/marios/eclipse-workspace/aqmaps/target/surefire/surefirebooter5551060881024221946.jar /home/marios/eclipse-workspace/aqmaps/target/surefire 2020-12-01T18-42-28_315-jvmRun1 surefire13635374921475936558tmp surefire_0892725113464807458tmp"/>
    <property name="jdk.debug" value="release"/>
    <property name="surefire.test.class.path" value="/home/marios/eclipse-workspace/aqmaps/target/test-classes:/home/marios/eclipse-workspace/aqmaps/target/classes:/home/marios/.m2/repository/junit/junit/4.11/junit-4.11.jar:/home/marios/.m2/repository/org/hamcrest/hamcrest-core/1.3/hamcrest-core-1.3.jar:/home/marios/.m2/repository/com/mapbox/mapboxsdk/mapbox-sdk-geojson/5.5.0/mapbox-sdk-geojson-5.5.0.jar:/home/marios/.m2/repository/com/google/code/gson/gson/2.8.6/gson-2.8.6.jar:/home/marios/.m2/repository/org/jgrapht/jgrapht-core/1.5.0/jgrapht-core-1.5.0.jar:/home/marios/.m2/repository/org/jheaps/jheaps/0.13/jheaps-0.13.jar:"/>
    <property name="sun.cpu.endian" value="little"/>
    <property name="user.home" value="/home/marios"/>
    <property name="user.language" value="en"/>
    <property name="java.specification.vendor" value="Oracle Corporation"/>
    <property name="java.version.date" value="2020-07-14"/>
    <property name="java.home" value="/usr/lib/jvm/java-11-openjdk"/>
    <property name="file.separator" value="/"/>
    <property name="basedir" value="/home/marios/eclipse-workspace/aqmaps"/>
    <property name="java.vm.compressedOopsMode" value="Zero based"/>
    <property name="line.separator" value="&#10;"/>
    <property name="java.specification.name" value="Java Platform API Specification"/>
    <property name="java.vm.specification.vendor" value="Oracle Corporation"/>
    <property name="java.awt.graphicsenv" value="sun.awt.X11GraphicsEnvironment"/>
    <property name="surefire.real.class.path" value="/home/marios/eclipse-workspace/aqmaps/target/surefire/surefirebooter5551060881024221946.jar"/>
    <property name="sun.management.compiler" value="HotSpot 64-Bit Tiered Compilers"/>
    <property name="java.runtime.version" value="11.0.8+10"/>
    <property name="user.name" value="marios"/>
    <property name="path.separator" value=":"/>
    <property name="os.version" value="5.9.11-zen2-1-zen"/>
    <property name="java.runtime.name" value="OpenJDK Runtime Environment"/>
    <property name="file.encoding" value="UTF-8"/>
    <property name="java.vm.name" value="OpenJDK 64-Bit Server VM"/>
    <property name="localRepository" value="/home/marios/.m2/repository"/>
    <property name="java.vendor.url.bug" value="https://bugreport.java.com/bugreport/"/>
    <property name="java.io.tmpdir" value="/tmp"/>
    <property name="java.version" value="11.0.8"/>
    <property name="user.dir" value="/home/marios/eclipse-workspace/aqmaps"/>
    <property name="os.arch" value="amd64"/>
    <property name="java.vm.specification.name" value="Java Virtual Machine Specification"/>
    <property name="java.awt.printerjob" value="sun.print.PSPrinterJob"/>
    <property name="sun.os.patch.level" value="unknown"/>
    <property name="java.library.path" value="/usr/java/packages/lib:/usr/lib64:/lib64:/lib:/usr/lib"/>
    <property name="java.vm.info" value="mixed mode"/>
    <property name="java.vendor" value="N/A"/>
    <property name="java.vm.version" value="11.0.8+10"/>
    <property name="sun.io.unicode.encoding" value="UnicodeLittle"/>
    <property name="java.class.version" value="55.0"/>
  </properties>
  <testcase name="hostTest" classname="uk.ac.ed.inf.aqmaps.ConnectorTest" time="0.18"/>
  <testcase name="dateDataTest" classname="uk.ac.ed.inf.aqmaps.ConnectorTest" time="0.152"/>
  <testcase name="requestCreatorTest" classname="uk.ac.ed.inf.aqmaps.ConnectorTest" time="0.001"/>
  <testcase name="forbidenBuildingsTest" classname="uk.ac.ed.inf.aqmaps.ConnectorTest" time="0.017"/>
  <testcase name="W3WTest" classname="uk.ac.ed.inf.aqmaps.ConnectorTest" time="0.01"/>
</testsuite>